# JRE version: OpenJDK Runtime Environment Temurin-21.0.6+7 (21.0.6+7) (build 21.0.6+7-LTS)
# Java VM: OpenJDK 64-Bit Server VM Temurin-21.0.6+7 (21.0.6+7-LTS, mixed mode, sharing, tiered, compressed oops, compressed class ptrs, g1 gc, windows-amd64)
GC Precious Log:
 CardTable entry size: 512
 Card Set container configuration: InlinePtr #cards 4 size 8 Array Of Cards #cards 16 size 48 Howl #buckets 8 coarsen threshold 3686 Howl Bitmap #cards 512 size 80 coarsen threshold 460 Card regions per heap region 1 cards per card region 4096
 CPUs: 12 total, 12 available
 Memory: 15645M
 Large Page Support: Disabled
 NUMA Support: Disabled
 Compressed Oops: Enabled (Zero based)
 Heap Region Size: 2M
 Heap Min Capacity: 8M
 Heap Initial Capacity: 246M
 Heap Max Capacity: 3912M
 Pre-touch: Disabled
 Parallel Workers: 10
 Concurrent Workers: 3
 Concurrent Refinement Workers: 10
 Periodic GC: Disabled
Heap:
 garbage-first heap   total 118784K, used 79715K [0x000000070b800000, 0x0000000800000000)
  region size 2048K, 20 young (40960K), 3 survivors (6144K)
 Metaspace       used 85705K, committed 86656K, reserved 1179648K
  class space    used 11406K, committed 11840K, reserved 1048576K
GC Heap History (20 events):
Event: 10.364 GC heap before
{Heap before GC invocations=18 (full 0):
 garbage-first heap   total 98304K, used 75787K [0x000000070b800000, 0x0000000800000000)
  region size 2048K, 23 young (47104K), 3 survivors (6144K)
 Metaspace       used 59436K, committed 60096K, reserved 1114112K
  class space    used 7844K, committed 8128K, reserved 1048576K
}
Event: 10.368 GC heap after
{Heap after GC invocations=19 (full 0):
 garbage-first heap   total 98304K, used 39385K [0x000000070b800000, 0x0000000800000000)
  region size 2048K, 2 young (4096K), 2 survivors (4096K)
 Metaspace       used 59436K, committed 60096K, reserved 1114112K
  class space    used 7844K, committed 8128K, reserved 1048576K
}
Event: 10.936 GC heap before
{Heap before GC invocations=20 (full 0):
 garbage-first heap   total 98304K, used 86489K [0x000000070b800000, 0x0000000800000000)
  region size 2048K, 25 young (51200K), 2 survivors (4096K)
 Metaspace       used 63621K, committed 64256K, reserved 1114112K
  class space    used 8527K, committed 8832K, reserved 1048576K
}
Event: 10.941 GC heap after
{Heap after GC invocations=21 (full 0):
 garbage-first heap   total 98304K, used 40845K [0x000000070b800000, 0x0000000800000000)
  region size 2048K, 3 young (6144K), 3 survivors (6144K)
 Metaspace       used 63621K, committed 64256K, reserved 1114112K
  class space    used 8527K, committed 8832K, reserved 1048576K
}
Event: 11.550 GC heap before
{Heap before GC invocations=21 (full 0):
 garbage-first heap   total 98304K, used 83853K [0x000000070b800000, 0x0000000800000000)
  region size 2048K, 24 young (49152K), 3 survivors (6144K)
 Metaspace       used 67693K, committed 68480K, reserved 1114112K
  class space    used 9056K, committed 9408K, reserved 1048576K
}
Event: 11.557 GC heap after
{Heap after GC invocations=22 (full 0):
 garbage-first heap   total 98304K, used 42168K [0x000000070b800000, 0x0000000800000000)
  region size 2048K, 3 young (6144K), 3 survivors (6144K)
 Metaspace       used 67693K, committed 68480K, reserved 1114112K
  class space    used 9056K, committed 9408K, reserved 1048576K
}
Event: 12.225 GC heap before
{Heap before GC invocations=22 (full 0):
 garbage-first heap   total 98304K, used 83128K [0x000000070b800000, 0x0000000800000000)
  region size 2048K, 23 young (47104K), 3 survivors (6144K)
 Metaspace       used 70499K, committed 71232K, reserved 1114112K
  class space    used 9455K, committed 9792K, reserved 1048576K
}
Event: 12.231 GC heap after
{Heap after GC invocations=23 (full 0):
 garbage-first heap   total 98304K, used 44674K [0x000000070b800000, 0x0000000800000000)
  region size 2048K, 3 young (6144K), 3 survivors (6144K)
 Metaspace       used 70499K, committed 71232K, reserved 1114112K
  class space    used 9455K, committed 9792K, reserved 1048576K
}
Event: 12.914 GC heap before
{Heap before GC invocations=23 (full 0):
 garbage-first heap   total 98304K, used 85634K [0x000000070b800000, 0x0000000800000000)
  region size 2048K, 23 young (47104K), 3 survivors (6144K)
 Metaspace       used 73805K, committed 74688K, reserved 1114112K
  class space    used 9945K, committed 10368K, reserved 1048576K
}
Event: 12.920 GC heap after
{Heap after GC invocations=24 (full 0):
 garbage-first heap   total 98304K, used 47312K [0x000000070b800000, 0x0000000800000000)
  region size 2048K, 3 young (6144K), 3 survivors (6144K)
 Metaspace       used 73805K, committed 74688K, reserved 1114112K
  class space    used 9945K, committed 10368K, reserved 1048576K
}
Event: 13.483 GC heap before
{Heap before GC invocations=25 (full 0):
 garbage-first heap   total 98304K, used 82128K [0x000000070b800000, 0x0000000800000000)
  region size 2048K, 21 young (43008K), 3 survivors (6144K)
 Metaspace       used 77295K, committed 78208K, reserved 1179648K
  class space    used 10451K, committed 10880K, reserved 1048576K
}
Event: 13.489 GC heap after
{Heap after GC invocations=26 (full 0):
 garbage-first heap   total 98304K, used 50064K [0x000000070b800000, 0x0000000800000000)
  region size 2048K, 3 young (6144K), 3 survivors (6144K)
 Metaspace       used 77295K, committed 78208K, reserved 1179648K
  class space    used 10451K, committed 10880K, reserved 1048576K
}
Event: 13.901 GC heap before
{Heap before GC invocations=26 (full 0):
 garbage-first heap   total 98304K, used 84880K [0x000000070b800000, 0x0000000800000000)
  region size 2048K, 20 young (40960K), 3 survivors (6144K)
 Metaspace       used 80740K, committed 81536K, reserved 1179648K
  class space    used 10910K, committed 11264K, reserved 1048576K
}
Event: 13.910 GC heap after
{Heap after GC invocations=27 (full 0):
 garbage-first heap   total 118784K, used 51630K [0x000000070b800000, 0x0000000800000000)
  region size 2048K, 3 young (6144K), 3 survivors (6144K)
 Metaspace       used 80740K, committed 81536K, reserved 1179648K
  class space    used 10910K, committed 11264K, reserved 1048576K
}
Event: 125.473 GC heap before
{Heap before GC invocations=27 (full 0):
 garbage-first heap   total 118784K, used 100782K [0x000000070b800000, 0x0000000800000000)
  region size 2048K, 28 young (57344K), 3 survivors (6144K)
 Metaspace       used 84426K, committed 85312K, reserved 1179648K
  class space    used 11343K, committed 11776K, reserved 1048576K
}
Event: 125.487 GC heap after
{Heap after GC invocations=28 (full 0):
 garbage-first heap   total 118784K, used 52858K [0x000000070b800000, 0x0000000800000000)
  region size 2048K, 2 young (4096K), 2 survivors (4096K)
 Metaspace       used 84426K, committed 85312K, reserved 1179648K
  class space    used 11343K, committed 11776K, reserved 1048576K
}
Event: 348.282 GC heap before
{Heap before GC invocations=28 (full 0):
 garbage-first heap   total 118784K, used 75386K [0x000000070b800000, 0x0000000800000000)
  region size 2048K, 14 young (28672K), 2 survivors (4096K)
 Metaspace       used 84746K, committed 85760K, reserved 1179648K
  class space    used 11375K, committed 11840K, reserved 1048576K
}
Event: 348.400 GC heap after
{Heap after GC invocations=29 (full 1):
 garbage-first heap   total 118784K, used 43627K [0x000000070b800000, 0x0000000800000000)
  region size 2048K, 0 young (0K), 0 survivors (0K)
 Metaspace       used 84746K, committed 85760K, reserved 1179648K
  class space    used 11375K, committed 11840K, reserved 1048576K
}
Event: 350.095 GC heap before
{Heap before GC invocations=29 (full 1):
 garbage-first heap   total 118784K, used 105067K [0x000000070b800000, 0x0000000800000000)
  region size 2048K, 31 young (63488K), 0 survivors (0K)
 Metaspace       used 85050K, committed 86080K, reserved 1179648K
  class space    used 11387K, committed 11840K, reserved 1048576K
}
Event: 350.102 GC heap after
{Heap after GC invocations=30 (full 1):
 garbage-first heap   total 118784K, used 48995K [0x000000070b800000, 0x0000000800000000)
  region size 2048K, 3 young (6144K), 3 survivors (6144K)
 Metaspace       used 85050K, committed 86080K, reserved 1179648K
  class space    used 11387K, committed 11840K, reserved 1048576K
}

