# JRE version: OpenJDK Runtime Environment Temurin-21.0.6+7 (21.0.6+7) (build 21.0.6+7-LTS)
# Java VM: OpenJDK 64-Bit Server VM Temurin-21.0.6+7 (21.0.6+7-LTS, mixed mode, sharing, tiered, compressed oops, compressed class ptrs, g1 gc, windows-amd64)
GC Precious Log:
 CardTable entry size: 512
 Card Set container configuration: InlinePtr #cards 4 size 8 Array Of Cards #cards 16 size 48 Howl #buckets 8 coarsen threshold 3686 Howl Bitmap #cards 512 size 80 coarsen threshold 460 Card regions per heap region 1 cards per card region 4096
 CPUs: 12 total, 12 available
 Memory: 15645M
 Large Page Support: Disabled
 NUMA Support: Disabled
 Compressed Oops: Enabled (Zero based)
 Heap Region Size: 2M
 Heap Min Capacity: 8M
 Heap Initial Capacity: 246M
 Heap Max Capacity: 3912M
 Pre-touch: Disabled
 Parallel Workers: 10
 Concurrent Workers: 3
 Concurrent Refinement Workers: 10
 Periodic GC: Disabled
Heap:
 garbage-first heap   total 204800K, used 173397K [0x000000070b800000, 0x0000000800000000)
  region size 2048K, 32 young (65536K), 2 survivors (4096K)
 Metaspace       used 98334K, committed 99392K, reserved 1179648K
  class space    used 11879K, committed 12352K, reserved 1048576K
GC Heap History (20 events):
Event: 8055.782 GC heap after
{Heap after GC invocations=121 (full 18):
 garbage-first heap   total 204800K, used 103050K [0x000000070b800000, 0x0000000800000000)
  region size 2048K, 4 young (8192K), 4 survivors (8192K)
 Metaspace       used 96144K, committed 97088K, reserved 1179648K
  class space    used 11754K, committed 12160K, reserved 1048576K
}
Event: 8088.057 GC heap before
{Heap before GC invocations=122 (full 18):
 garbage-first heap   total 204800K, used 141962K [0x000000070b800000, 0x0000000800000000)
  region size 2048K, 24 young (49152K), 4 survivors (8192K)
 Metaspace       used 96395K, committed 97408K, reserved 1179648K
  class space    used 11766K, committed 12224K, reserved 1048576K
}
Event: 8088.272 GC heap after
{Heap after GC invocations=123 (full 19):
 garbage-first heap   total 204800K, used 101069K [0x000000070b800000, 0x0000000800000000)
  region size 2048K, 0 young (0K), 0 survivors (0K)
 Metaspace       used 96395K, committed 97408K, reserved 1179648K
  class space    used 11766K, committed 12224K, reserved 1048576K
}
Event: 8089.713 GC heap before
{Heap before GC invocations=123 (full 19):
 garbage-first heap   total 204800K, used 176845K [0x000000070b800000, 0x0000000800000000)
  region size 2048K, 38 young (77824K), 0 survivors (0K)
 Metaspace       used 96595K, committed 97536K, reserved 1179648K
  class space    used 11779K, committed 12224K, reserved 1048576K
}
Event: 8089.728 GC heap after
{Heap after GC invocations=124 (full 19):
 garbage-first heap   total 204800K, used 107213K [0x000000070b800000, 0x0000000800000000)
  region size 2048K, 3 young (6144K), 3 survivors (6144K)
 Metaspace       used 96595K, committed 97536K, reserved 1179648K
  class space    used 11779K, committed 12224K, reserved 1048576K
}
Event: 8109.386 GC heap before
{Heap before GC invocations=125 (full 19):
 garbage-first heap   total 204800K, used 146125K [0x000000070b800000, 0x0000000800000000)
  region size 2048K, 23 young (47104K), 3 survivors (6144K)
 Metaspace       used 96884K, committed 97792K, reserved 1179648K
  class space    used 11791K, committed 12224K, reserved 1048576K
}
Event: 8109.481 GC heap after
{Heap after GC invocations=126 (full 20):
 garbage-first heap   total 204800K, used 101338K [0x000000070b800000, 0x0000000800000000)
  region size 2048K, 0 young (0K), 0 survivors (0K)
 Metaspace       used 96884K, committed 97792K, reserved 1179648K
  class space    used 11791K, committed 12224K, reserved 1048576K
}
Event: 8110.665 GC heap before
{Heap before GC invocations=126 (full 20):
 garbage-first heap   total 204800K, used 177114K [0x000000070b800000, 0x0000000800000000)
  region size 2048K, 38 young (77824K), 0 survivors (0K)
 Metaspace       used 97062K, committed 98112K, reserved 1179648K
  class space    used 11803K, committed 12288K, reserved 1048576K
}
Event: 8110.671 GC heap after
{Heap after GC invocations=127 (full 20):
 garbage-first heap   total 204800K, used 107482K [0x000000070b800000, 0x0000000800000000)
  region size 2048K, 3 young (6144K), 3 survivors (6144K)
 Metaspace       used 97062K, committed 98112K, reserved 1179648K
  class space    used 11803K, committed 12288K, reserved 1048576K
}
Event: 8168.614 GC heap before
{Heap before GC invocations=128 (full 20):
 garbage-first heap   total 204800K, used 148442K [0x000000070b800000, 0x0000000800000000)
  region size 2048K, 24 young (49152K), 3 survivors (6144K)
 Metaspace       used 97312K, committed 98304K, reserved 1179648K
  class space    used 11815K, committed 12288K, reserved 1048576K
}
Event: 8168.753 GC heap after
{Heap after GC invocations=129 (full 21):
 garbage-first heap   total 204800K, used 101596K [0x000000070b800000, 0x0000000800000000)
  region size 2048K, 0 young (0K), 0 survivors (0K)
 Metaspace       used 97312K, committed 98304K, reserved 1179648K
  class space    used 11815K, committed 12288K, reserved 1048576K
}
Event: 8170.937 GC heap before
{Heap before GC invocations=129 (full 21):
 garbage-first heap   total 204800K, used 177372K [0x000000070b800000, 0x0000000800000000)
  region size 2048K, 38 young (77824K), 0 survivors (0K)
 Metaspace       used 97563K, committed 98560K, reserved 1179648K
  class space    used 11830K, committed 12288K, reserved 1048576K
}
Event: 8170.942 GC heap after
{Heap after GC invocations=130 (full 21):
 garbage-first heap   total 204800K, used 107854K [0x000000070b800000, 0x0000000800000000)
  region size 2048K, 4 young (8192K), 4 survivors (8192K)
 Metaspace       used 97563K, committed 98560K, reserved 1179648K
  class space    used 11830K, committed 12288K, reserved 1048576K
}
Event: 8176.276 GC heap before
{Heap before GC invocations=131 (full 21):
 garbage-first heap   total 204800K, used 146766K [0x000000070b800000, 0x0000000800000000)
  region size 2048K, 24 young (49152K), 4 survivors (8192K)
 Metaspace       used 97801K, committed 98752K, reserved 1179648K
  class space    used 11842K, committed 12288K, reserved 1048576K
}
Event: 8176.376 GC heap after
{Heap after GC invocations=132 (full 22):
 garbage-first heap   total 204800K, used 104562K [0x000000070b800000, 0x0000000800000000)
  region size 2048K, 0 young (0K), 0 survivors (0K)
 Metaspace       used 97801K, committed 98752K, reserved 1179648K
  class space    used 11842K, committed 12288K, reserved 1048576K
}
Event: 8177.676 GC heap before
{Heap before GC invocations=132 (full 22):
 garbage-first heap   total 204800K, used 178290K [0x000000070b800000, 0x0000000800000000)
  region size 2048K, 37 young (75776K), 0 survivors (0K)
 Metaspace       used 97966K, committed 99008K, reserved 1179648K
  class space    used 11854K, committed 12352K, reserved 1048576K
}
Event: 8177.679 GC heap after
{Heap after GC invocations=133 (full 22):
 garbage-first heap   total 204800K, used 110589K [0x000000070b800000, 0x0000000800000000)
  region size 2048K, 3 young (6144K), 3 survivors (6144K)
 Metaspace       used 97966K, committed 99008K, reserved 1179648K
  class space    used 11854K, committed 12352K, reserved 1048576K
}
Event: 8457.159 GC heap before
{Heap before GC invocations=134 (full 22):
 garbage-first heap   total 204800K, used 178173K [0x000000070b800000, 0x0000000800000000)
  region size 2048K, 37 young (75776K), 3 survivors (6144K)
 Metaspace       used 98265K, committed 99328K, reserved 1179648K
  class space    used 11876K, committed 12352K, reserved 1048576K
}
Event: 8457.195 GC heap after
{Heap after GC invocations=135 (full 22):
 garbage-first heap   total 204800K, used 112827K [0x000000070b800000, 0x0000000800000000)
  region size 2048K, 2 young (4096K), 2 survivors (4096K)
 Metaspace       used 98265K, committed 99328K, reserved 1179648K
  class space    used 11876K, committed 12352K, reserved 1048576K
}
Event: 9136.316 GC heap before
{Heap before GC invocations=135 (full 22):
 garbage-first heap   total 204800K, used 172219K [0x000000070b800000, 0x0000000800000000)
  region size 2048K, 32 young (65536K), 2 survivors (4096K)
 Metaspace       used 98334K, committed 99392K, reserved 1179648K
  class space    used 11879K, committed 12352K, reserved 1048576K
}

