# JRE version: OpenJDK Runtime Environment Temurin-21.0.6+7 (21.0.6+7) (build 21.0.6+7-LTS)
# Java VM: OpenJDK 64-Bit Server VM Temurin-21.0.6+7 (21.0.6+7-LTS, mixed mode, sharing, tiered, compressed oops, compressed class ptrs, g1 gc, windows-amd64)
GC Precious Log:
 CardTable entry size: 512
 Card Set container configuration: InlinePtr #cards 4 size 8 Array Of Cards #cards 16 size 48 Howl #buckets 8 coarsen threshold 3686 Howl Bitmap #cards 512 size 80 coarsen threshold 460 Card regions per heap region 1 cards per card region 4096
 CPUs: 12 total, 12 available
 Memory: 15645M
 Large Page Support: Disabled
 NUMA Support: Disabled
 Compressed Oops: Enabled (Zero based)
 Heap Region Size: 2M
 Heap Min Capacity: 8M
 Heap Initial Capacity: 246M
 Heap Max Capacity: 3912M
 Pre-touch: Disabled
 Parallel Workers: 10
 Concurrent Workers: 3
 Concurrent Refinement Workers: 10
 Periodic GC: Disabled
Heap:
 garbage-first heap   total 292864K, used 156079K [0x000000070b800000, 0x0000000800000000)
  region size 2048K, 20 young (40960K), 4 survivors (8192K)
 Metaspace       used 98897K, committed 100160K, reserved 1179648K
  class space    used 12326K, committed 12928K, reserved 1048576K
GC Heap History (20 events):
Event: 3164.235 GC heap before
{Heap before GC invocations=133 (full 12):
 garbage-first heap   total 243712K, used 123210K [0x000000070b800000, 0x0000000800000000)
  region size 2048K, 9 young (18432K), 3 survivors (6144K)
 Metaspace       used 97698K, committed 99008K, reserved 1179648K
  class space    used 12265K, committed 12864K, reserved 1048576K
}
Event: 3164.341 GC heap after
{Heap after GC invocations=134 (full 13):
 garbage-first heap   total 243712K, used 107032K [0x000000070b800000, 0x0000000800000000)
  region size 2048K, 0 young (0K), 0 survivors (0K)
 Metaspace       used 97698K, committed 99008K, reserved 1179648K
  class space    used 12265K, committed 12864K, reserved 1048576K
}
Event: 3165.922 GC heap before
{Heap before GC invocations=134 (full 13):
 garbage-first heap   total 243712K, used 221720K [0x000000070b800000, 0x0000000800000000)
  region size 2048K, 57 young (116736K), 0 survivors (0K)
 Metaspace       used 97738K, committed 99008K, reserved 1179648K
  class space    used 12270K, committed 12864K, reserved 1048576K
}
Event: 3165.928 GC heap after
{Heap after GC invocations=135 (full 13):
 garbage-first heap   total 243712K, used 113885K [0x000000070b800000, 0x0000000800000000)
  region size 2048K, 4 young (8192K), 4 survivors (8192K)
 Metaspace       used 97738K, committed 99008K, reserved 1179648K
  class space    used 12270K, committed 12864K, reserved 1048576K
}
Event: 3167.125 GC heap before
{Heap before GC invocations=136 (full 13):
 garbage-first heap   total 243712K, used 214237K [0x000000070b800000, 0x0000000800000000)
  region size 2048K, 53 young (108544K), 4 survivors (8192K)
 Metaspace       used 98038K, committed 99328K, reserved 1179648K
  class space    used 12285K, committed 12864K, reserved 1048576K
}
Event: 3167.130 GC heap after
{Heap after GC invocations=137 (full 13):
 garbage-first heap   total 243712K, used 117755K [0x000000070b800000, 0x0000000800000000)
  region size 2048K, 6 young (12288K), 6 survivors (12288K)
 Metaspace       used 98038K, committed 99328K, reserved 1179648K
  class space    used 12285K, committed 12864K, reserved 1048576K
}
Event: 3167.924 GC heap before
{Heap before GC invocations=137 (full 13):
 garbage-first heap   total 243712K, used 209915K [0x000000070b800000, 0x0000000800000000)
  region size 2048K, 51 young (104448K), 6 survivors (12288K)
 Metaspace       used 98039K, committed 99328K, reserved 1179648K
  class space    used 12285K, committed 12864K, reserved 1048576K
}
Event: 3167.934 GC heap after
{Heap after GC invocations=138 (full 13):
 garbage-first heap   total 243712K, used 120721K [0x000000070b800000, 0x0000000800000000)
  region size 2048K, 4 young (8192K), 4 survivors (8192K)
 Metaspace       used 98039K, committed 99328K, reserved 1179648K
  class space    used 12285K, committed 12864K, reserved 1048576K
}
Event: 3168.760 GC heap before
{Heap before GC invocations=138 (full 13):
 garbage-first heap   total 243712K, used 214929K [0x000000070b800000, 0x0000000800000000)
  region size 2048K, 50 young (102400K), 4 survivors (8192K)
 Metaspace       used 98072K, committed 99328K, reserved 1179648K
  class space    used 12285K, committed 12864K, reserved 1048576K
}
Event: 3168.766 GC heap after
{Heap after GC invocations=139 (full 13):
 garbage-first heap   total 292864K, used 118099K [0x000000070b800000, 0x0000000800000000)
  region size 2048K, 3 young (6144K), 3 survivors (6144K)
 Metaspace       used 98072K, committed 99328K, reserved 1179648K
  class space    used 12285K, committed 12864K, reserved 1048576K
}
Event: 3196.351 GC heap before
{Heap before GC invocations=140 (full 13):
 garbage-first heap   total 292864K, used 126291K [0x000000070b800000, 0x0000000800000000)
  region size 2048K, 8 young (16384K), 3 survivors (6144K)
 Metaspace       used 98098K, committed 99328K, reserved 1179648K
  class space    used 12286K, committed 12864K, reserved 1048576K
}
Event: 3196.449 GC heap after
{Heap after GC invocations=141 (full 14):
 garbage-first heap   total 292864K, used 112111K [0x000000070b800000, 0x0000000800000000)
  region size 2048K, 0 young (0K), 0 survivors (0K)
 Metaspace       used 98098K, committed 99328K, reserved 1179648K
  class space    used 12286K, committed 12864K, reserved 1048576K
}
Event: 3198.544 GC heap before
{Heap before GC invocations=141 (full 14):
 garbage-first heap   total 292864K, used 265711K [0x000000070b800000, 0x0000000800000000)
  region size 2048K, 76 young (155648K), 0 survivors (0K)
 Metaspace       used 98337K, committed 99648K, reserved 1179648K
  class space    used 12300K, committed 12928K, reserved 1048576K
}
Event: 3198.553 GC heap after
{Heap after GC invocations=142 (full 14):
 garbage-first heap   total 292864K, used 120303K [0x000000070b800000, 0x0000000800000000)
  region size 2048K, 4 young (8192K), 4 survivors (8192K)
 Metaspace       used 98337K, committed 99648K, reserved 1179648K
  class space    used 12300K, committed 12928K, reserved 1048576K
}
Event: 3199.768 GC heap before
{Heap before GC invocations=143 (full 14):
 garbage-first heap   total 292864K, used 259567K [0x000000070b800000, 0x0000000800000000)
  region size 2048K, 72 young (147456K), 4 survivors (8192K)
 Metaspace       used 98472K, committed 99776K, reserved 1179648K
  class space    used 12305K, committed 12928K, reserved 1048576K
}
Event: 3199.775 GC heap after
{Heap after GC invocations=144 (full 14):
 garbage-first heap   total 292864K, used 125984K [0x000000070b800000, 0x0000000800000000)
  region size 2048K, 7 young (14336K), 7 survivors (14336K)
 Metaspace       used 98472K, committed 99776K, reserved 1179648K
  class space    used 12305K, committed 12928K, reserved 1048576K
}
Event: 3229.278 GC heap before
{Heap before GC invocations=144 (full 14):
 garbage-first heap   total 292864K, used 238624K [0x000000070b800000, 0x0000000800000000)
  region size 2048K, 63 young (129024K), 7 survivors (14336K)
 Metaspace       used 98501K, committed 99776K, reserved 1179648K
  class space    used 12306K, committed 12928K, reserved 1048576K
}
Event: 3229.481 GC heap after
{Heap after GC invocations=145 (full 15):
 garbage-first heap   total 292864K, used 117243K [0x000000070b800000, 0x0000000800000000)
  region size 2048K, 0 young (0K), 0 survivors (0K)
 Metaspace       used 98501K, committed 99776K, reserved 1179648K
  class space    used 12306K, committed 12928K, reserved 1048576K
}
Event: 3231.906 GC heap before
{Heap before GC invocations=145 (full 15):
 garbage-first heap   total 292864K, used 260603K [0x000000070b800000, 0x0000000800000000)
  region size 2048K, 71 young (145408K), 0 survivors (0K)
 Metaspace       used 98682K, committed 99904K, reserved 1179648K
  class space    used 12317K, committed 12928K, reserved 1048576K
}
Event: 3231.915 GC heap after
{Heap after GC invocations=146 (full 15):
 garbage-first heap   total 292864K, used 125359K [0x000000070b800000, 0x0000000800000000)
  region size 2048K, 4 young (8192K), 4 survivors (8192K)
 Metaspace       used 98682K, committed 99904K, reserved 1179648K
  class space    used 12317K, committed 12928K, reserved 1048576K
}

