# JRE version: OpenJDK Runtime Environment Temurin-21.0.6+7 (21.0.6+7) (build 21.0.6+7-LTS)
# Java VM: OpenJDK 64-Bit Server VM Temurin-21.0.6+7 (21.0.6+7-LTS, mixed mode, sharing, tiered, compressed oops, compressed class ptrs, g1 gc, windows-amd64)
GC Precious Log:
 CardTable entry size: 512
 Card Set container configuration: InlinePtr #cards 4 size 8 Array Of Cards #cards 16 size 48 Howl #buckets 8 coarsen threshold 3686 Howl Bitmap #cards 512 size 80 coarsen threshold 460 Card regions per heap region 1 cards per card region 4096
 CPUs: 12 total, 12 available
 Memory: 15645M
 Large Page Support: Disabled
 NUMA Support: Disabled
 Compressed Oops: Enabled (Zero based)
 Heap Region Size: 2M
 Heap Min Capacity: 8M
 Heap Initial Capacity: 246M
 Heap Max Capacity: 3912M
 Pre-touch: Disabled
 Parallel Workers: 10
 Concurrent Workers: 3
 Concurrent Refinement Workers: 10
 Periodic GC: Disabled
Heap:
 garbage-first heap   total 122880K, used 98331K [0x000000070b800000, 0x0000000800000000)
  region size 2048K, 20 young (40960K), 2 survivors (4096K)
 Metaspace       used 92948K, committed 94016K, reserved 1179648K
  class space    used 12223K, committed 12672K, reserved 1048576K
GC Heap History (20 events):
Event: 617.419 GC heap before
{Heap before GC invocations=45 (full 1):
 garbage-first heap   total 122880K, used 100189K [0x000000070b800000, 0x0000000800000000)
  region size 2048K, 24 young (49152K), 4 survivors (8192K)
 Metaspace       used 92068K, committed 93120K, reserved 1179648K
  class space    used 12183K, committed 12672K, reserved 1048576K
}
Event: 617.423 GC heap after
{Heap after GC invocations=46 (full 1):
 garbage-first heap   total 122880K, used 60143K [0x000000070b800000, 0x0000000800000000)
  region size 2048K, 2 young (4096K), 2 survivors (4096K)
 Metaspace       used 92068K, committed 93120K, reserved 1179648K
  class space    used 12183K, committed 12672K, reserved 1048576K
}
Event: 617.890 GC heap before
{Heap before GC invocations=46 (full 1):
 garbage-first heap   total 122880K, used 107247K [0x000000070b800000, 0x0000000800000000)
  region size 2048K, 25 young (51200K), 2 survivors (4096K)
 Metaspace       used 92087K, committed 93120K, reserved 1179648K
  class space    used 12183K, committed 12672K, reserved 1048576K
}
Event: 617.894 GC heap after
{Heap after GC invocations=47 (full 1):
 garbage-first heap   total 122880K, used 61935K [0x000000070b800000, 0x0000000800000000)
  region size 2048K, 3 young (6144K), 3 survivors (6144K)
 Metaspace       used 92087K, committed 93120K, reserved 1179648K
  class space    used 12183K, committed 12672K, reserved 1048576K
}
Event: 618.310 GC heap before
{Heap before GC invocations=47 (full 1):
 garbage-first heap   total 122880K, used 104943K [0x000000070b800000, 0x0000000800000000)
  region size 2048K, 24 young (49152K), 3 survivors (6144K)
 Metaspace       used 92127K, committed 93184K, reserved 1179648K
  class space    used 12186K, committed 12672K, reserved 1048576K
}
Event: 618.314 GC heap after
{Heap after GC invocations=48 (full 1):
 garbage-first heap   total 122880K, used 63249K [0x000000070b800000, 0x0000000800000000)
  region size 2048K, 3 young (6144K), 3 survivors (6144K)
 Metaspace       used 92127K, committed 93184K, reserved 1179648K
  class space    used 12186K, committed 12672K, reserved 1048576K
}
Event: 618.824 GC heap before
{Heap before GC invocations=49 (full 1):
 garbage-first heap   total 122880K, used 104209K [0x000000070b800000, 0x0000000800000000)
  region size 2048K, 23 young (47104K), 3 survivors (6144K)
 Metaspace       used 92147K, committed 93184K, reserved 1179648K
  class space    used 12187K, committed 12672K, reserved 1048576K
}
Event: 618.827 GC heap after
{Heap after GC invocations=50 (full 1):
 garbage-first heap   total 122880K, used 64363K [0x000000070b800000, 0x0000000800000000)
  region size 2048K, 3 young (6144K), 3 survivors (6144K)
 Metaspace       used 92147K, committed 93184K, reserved 1179648K
  class space    used 12187K, committed 12672K, reserved 1048576K
}
Event: 619.271 GC heap before
{Heap before GC invocations=50 (full 1):
 garbage-first heap   total 122880K, used 105323K [0x000000070b800000, 0x0000000800000000)
  region size 2048K, 23 young (47104K), 3 survivors (6144K)
 Metaspace       used 92150K, committed 93184K, reserved 1179648K
  class space    used 12187K, committed 12672K, reserved 1048576K
}
Event: 619.276 GC heap after
{Heap after GC invocations=51 (full 1):
 garbage-first heap   total 122880K, used 65345K [0x000000070b800000, 0x0000000800000000)
  region size 2048K, 2 young (4096K), 2 survivors (4096K)
 Metaspace       used 92150K, committed 93184K, reserved 1179648K
  class space    used 12187K, committed 12672K, reserved 1048576K
}
Event: 641.559 GC heap before
{Heap before GC invocations=51 (full 1):
 garbage-first heap   total 122880K, used 94017K [0x000000070b800000, 0x0000000800000000)
  region size 2048K, 18 young (36864K), 2 survivors (4096K)
 Metaspace       used 92275K, committed 93312K, reserved 1179648K
  class space    used 12191K, committed 12672K, reserved 1048576K
}
Event: 641.674 GC heap after
{Heap after GC invocations=52 (full 2):
 garbage-first heap   total 122880K, used 53621K [0x000000070b800000, 0x0000000800000000)
  region size 2048K, 0 young (0K), 0 survivors (0K)
 Metaspace       used 92271K, committed 93312K, reserved 1179648K
  class space    used 12191K, committed 12672K, reserved 1048576K
}
Event: 643.087 GC heap before
{Heap before GC invocations=52 (full 2):
 garbage-first heap   total 122880K, used 108917K [0x000000070b800000, 0x0000000800000000)
  region size 2048K, 27 young (55296K), 0 survivors (0K)
 Metaspace       used 92383K, committed 93440K, reserved 1179648K
  class space    used 12199K, committed 12672K, reserved 1048576K
}
Event: 643.091 GC heap after
{Heap after GC invocations=53 (full 2):
 garbage-first heap   total 122880K, used 58560K [0x000000070b800000, 0x0000000800000000)
  region size 2048K, 3 young (6144K), 3 survivors (6144K)
 Metaspace       used 92383K, committed 93440K, reserved 1179648K
  class space    used 12199K, committed 12672K, reserved 1048576K
}
Event: 643.648 GC heap before
{Heap before GC invocations=54 (full 2):
 garbage-first heap   total 122880K, used 103616K [0x000000070b800000, 0x0000000800000000)
  region size 2048K, 25 young (51200K), 3 survivors (6144K)
 Metaspace       used 92439K, committed 93504K, reserved 1179648K
  class space    used 12203K, committed 12672K, reserved 1048576K
}
Event: 643.653 GC heap after
{Heap after GC invocations=55 (full 2):
 garbage-first heap   total 122880K, used 60388K [0x000000070b800000, 0x0000000800000000)
  region size 2048K, 2 young (4096K), 2 survivors (4096K)
 Metaspace       used 92439K, committed 93504K, reserved 1179648K
  class space    used 12203K, committed 12672K, reserved 1048576K
}
Event: 644.116 GC heap before
{Heap before GC invocations=55 (full 2):
 garbage-first heap   total 122880K, used 103396K [0x000000070b800000, 0x0000000800000000)
  region size 2048K, 23 young (47104K), 2 survivors (4096K)
 Metaspace       used 92553K, committed 93632K, reserved 1179648K
  class space    used 12207K, committed 12672K, reserved 1048576K
}
Event: 644.120 GC heap after
{Heap after GC invocations=56 (full 2):
 garbage-first heap   total 122880K, used 61669K [0x000000070b800000, 0x0000000800000000)
  region size 2048K, 2 young (4096K), 2 survivors (4096K)
 Metaspace       used 92553K, committed 93632K, reserved 1179648K
  class space    used 12207K, committed 12672K, reserved 1048576K
}
Event: 645.000 GC heap before
{Heap before GC invocations=56 (full 2):
 garbage-first heap   total 122880K, used 106725K [0x000000070b800000, 0x0000000800000000)
  region size 2048K, 24 young (49152K), 2 survivors (4096K)
 Metaspace       used 92857K, committed 93888K, reserved 1179648K
  class space    used 12218K, committed 12672K, reserved 1048576K
}
Event: 645.004 GC heap after
{Heap after GC invocations=57 (full 2):
 garbage-first heap   total 122880K, used 63515K [0x000000070b800000, 0x0000000800000000)
  region size 2048K, 2 young (4096K), 2 survivors (4096K)
 Metaspace       used 92857K, committed 93888K, reserved 1179648K
  class space    used 12218K, committed 12672K, reserved 1048576K
}

