# JRE version: OpenJDK Runtime Environment Temurin-21.0.6+7 (21.0.6+7) (build 21.0.6+7-LTS)
# Java VM: OpenJDK 64-Bit Server VM Temurin-21.0.6+7 (21.0.6+7-LTS, mixed mode, sharing, tiered, compressed oops, compressed class ptrs, g1 gc, windows-amd64)
GC Precious Log:
 CardTable entry size: 512
 Card Set container configuration: InlinePtr #cards 4 size 8 Array Of Cards #cards 16 size 48 Howl #buckets 8 coarsen threshold 3686 Howl Bitmap #cards 512 size 80 coarsen threshold 460 Card regions per heap region 1 cards per card region 4096
 CPUs: 12 total, 12 available
 Memory: 15645M
 Large Page Support: Disabled
 NUMA Support: Disabled
 Compressed Oops: Enabled (Zero based)
 Heap Region Size: 2M
 Heap Min Capacity: 8M
 Heap Initial Capacity: 246M
 Heap Max Capacity: 3912M
 Pre-touch: Disabled
 Parallel Workers: 10
 Concurrent Workers: 3
 Concurrent Refinement Workers: 10
 Periodic GC: Disabled
Heap:
 garbage-first heap   total 423936K, used 210166K [0x000000070b800000, 0x0000000800000000)
  region size 2048K, 23 young (47104K), 0 survivors (0K)
 Metaspace       used 105520K, committed 107008K, reserved 1179648K
  class space    used 12874K, committed 13568K, reserved 1048576K
GC Heap History (20 events):
Event: 1267.911 GC heap before
{Heap before GC invocations=190 (full 19):
 garbage-first heap   total 331776K, used 291693K [0x000000070b800000, 0x0000000800000000)
  region size 2048K, 71 young (145408K), 5 survivors (10240K)
 Metaspace       used 104067K, committed 105536K, reserved 1179648K
  class space    used 12792K, committed 13504K, reserved 1048576K
}
Event: 1267.919 GC heap after
{Heap after GC invocations=191 (full 19):
 garbage-first heap   total 331776K, used 159831K [0x000000070b800000, 0x0000000800000000)
  region size 2048K, 6 young (12288K), 6 survivors (12288K)
 Metaspace       used 104067K, committed 105536K, reserved 1179648K
  class space    used 12792K, committed 13504K, reserved 1048576K
}
Event: 1268.931 GC heap before
{Heap before GC invocations=191 (full 19):
 garbage-first heap   total 331776K, used 290903K [0x000000070b800000, 0x0000000800000000)
  region size 2048K, 70 young (143360K), 6 survivors (12288K)
 Metaspace       used 104097K, committed 105536K, reserved 1179648K
  class space    used 12794K, committed 13504K, reserved 1048576K
}
Event: 1268.939 GC heap after
{Heap after GC invocations=192 (full 19):
 garbage-first heap   total 331776K, used 164351K [0x000000070b800000, 0x0000000800000000)
  region size 2048K, 5 young (10240K), 5 survivors (10240K)
 Metaspace       used 104097K, committed 105536K, reserved 1179648K
  class space    used 12794K, committed 13504K, reserved 1048576K
}
Event: 1285.063 GC heap before
{Heap before GC invocations=192 (full 19):
 garbage-first heap   total 331776K, used 193023K [0x000000070b800000, 0x0000000800000000)
  region size 2048K, 20 young (40960K), 5 survivors (10240K)
 Metaspace       used 104275K, committed 105728K, reserved 1179648K
  class space    used 12797K, committed 13504K, reserved 1048576K
}
Event: 1285.283 GC heap after
{Heap after GC invocations=193 (full 20):
 garbage-first heap   total 331776K, used 152953K [0x000000070b800000, 0x0000000800000000)
  region size 2048K, 0 young (0K), 0 survivors (0K)
 Metaspace       used 104272K, committed 105728K, reserved 1179648K
  class space    used 12796K, committed 13504K, reserved 1048576K
}
Event: 1287.290 GC heap before
{Heap before GC invocations=193 (full 20):
 garbage-first heap   total 331776K, used 302457K [0x000000070b800000, 0x0000000800000000)
  region size 2048K, 74 young (151552K), 0 survivors (0K)
 Metaspace       used 104519K, committed 105984K, reserved 1179648K
  class space    used 12814K, committed 13504K, reserved 1048576K
}
Event: 1287.298 GC heap after
{Heap after GC invocations=194 (full 20):
 garbage-first heap   total 331776K, used 161886K [0x000000070b800000, 0x0000000800000000)
  region size 2048K, 5 young (10240K), 5 survivors (10240K)
 Metaspace       used 104519K, committed 105984K, reserved 1179648K
  class space    used 12814K, committed 13504K, reserved 1048576K
}
Event: 1288.307 GC heap before
{Heap before GC invocations=195 (full 20):
 garbage-first heap   total 331776K, used 292958K [0x000000070b800000, 0x0000000800000000)
  region size 2048K, 69 young (141312K), 5 survivors (10240K)
 Metaspace       used 104715K, committed 106112K, reserved 1179648K
  class space    used 12825K, committed 13504K, reserved 1048576K
}
Event: 1288.317 GC heap after
{Heap after GC invocations=196 (full 20):
 garbage-first heap   total 331776K, used 165241K [0x000000070b800000, 0x0000000800000000)
  region size 2048K, 6 young (12288K), 6 survivors (12288K)
 Metaspace       used 104715K, committed 106112K, reserved 1179648K
  class space    used 12825K, committed 13504K, reserved 1048576K
}
Event: 1289.255 GC heap before
{Heap before GC invocations=196 (full 20):
 garbage-first heap   total 331776K, used 292217K [0x000000070b800000, 0x0000000800000000)
  region size 2048K, 68 young (139264K), 6 survivors (12288K)
 Metaspace       used 104736K, committed 106176K, reserved 1179648K
  class space    used 12828K, committed 13504K, reserved 1048576K
}
Event: 1289.262 GC heap after
{Heap after GC invocations=197 (full 20):
 garbage-first heap   total 331776K, used 169179K [0x000000070b800000, 0x0000000800000000)
  region size 2048K, 5 young (10240K), 5 survivors (10240K)
 Metaspace       used 104736K, committed 106176K, reserved 1179648K
  class space    used 12828K, committed 13504K, reserved 1048576K
}
Event: 1293.907 GC heap before
{Heap before GC invocations=197 (full 20):
 garbage-first heap   total 331776K, used 208091K [0x000000070b800000, 0x0000000800000000)
  region size 2048K, 25 young (51200K), 5 survivors (10240K)
 Metaspace       used 104756K, committed 106176K, reserved 1179648K
  class space    used 12828K, committed 13504K, reserved 1048576K
}
Event: 1294.150 GC heap after
{Heap after GC invocations=198 (full 21):
 garbage-first heap   total 331776K, used 158265K [0x000000070b800000, 0x0000000800000000)
  region size 2048K, 0 young (0K), 0 survivors (0K)
 Metaspace       used 104753K, committed 106176K, reserved 1179648K
  class space    used 12828K, committed 13504K, reserved 1048576K
}
Event: 1295.855 GC heap before
{Heap before GC invocations=198 (full 21):
 garbage-first heap   total 331776K, used 301625K [0x000000070b800000, 0x0000000800000000)
  region size 2048K, 71 young (145408K), 0 survivors (0K)
 Metaspace       used 104988K, committed 106432K, reserved 1179648K
  class space    used 12848K, committed 13568K, reserved 1048576K
}
Event: 1295.863 GC heap after
{Heap after GC invocations=199 (full 21):
 garbage-first heap   total 423936K, used 166828K [0x000000070b800000, 0x0000000800000000)
  region size 2048K, 5 young (10240K), 5 survivors (10240K)
 Metaspace       used 104988K, committed 106432K, reserved 1179648K
  class space    used 12848K, committed 13568K, reserved 1048576K
}
Event: 1297.477 GC heap before
{Heap before GC invocations=200 (full 21):
 garbage-first heap   total 423936K, used 375724K [0x000000070b800000, 0x0000000800000000)
  region size 2048K, 107 young (219136K), 5 survivors (10240K)
 Metaspace       used 105288K, committed 106752K, reserved 1179648K
  class space    used 12865K, committed 13568K, reserved 1048576K
}
Event: 1297.488 GC heap after
{Heap after GC invocations=201 (full 21):
 garbage-first heap   total 423936K, used 172924K [0x000000070b800000, 0x0000000800000000)
  region size 2048K, 8 young (16384K), 8 survivors (16384K)
 Metaspace       used 105288K, committed 106752K, reserved 1179648K
  class space    used 12865K, committed 13568K, reserved 1048576K
}
Event: 1385.909 GC heap before
{Heap before GC invocations=201 (full 21):
 garbage-first heap   total 423936K, used 273276K [0x000000070b800000, 0x0000000800000000)
  region size 2048K, 58 young (118784K), 8 survivors (16384K)
 Metaspace       used 105427K, committed 106880K, reserved 1179648K
  class space    used 12867K, committed 13568K, reserved 1048576K
}
Event: 1386.167 GC heap after
{Heap after GC invocations=202 (full 22):
 garbage-first heap   total 423936K, used 165110K [0x000000070b800000, 0x0000000800000000)
  region size 2048K, 0 young (0K), 0 survivors (0K)
 Metaspace       used 105424K, committed 106880K, reserved 1179648K
  class space    used 12867K, committed 13568K, reserved 1048576K
}

